-------------------------------------------------------------------------------
Test set: com.carter.milestone.MilestoneApplicationTests
-------------------------------------------------------------------------------
Tests run: 1, Failures: 0, Errors: 1, Skipped: 0, Time elapsed: 0.124 s <<< FAILURE! - in com.carter.milestone.MilestoneApplicationTests
com.carter.milestone.MilestoneApplicationTests  Time elapsed: 0.123 s  <<< ERROR!
java.lang.IllegalStateException: Unable to find a @SpringBootConfiguration, you need to use @ContextConfiguration or @SpringBootTest(classes=...) with your test

